c:\users\user\source\repos\univproject_spaceinvaderswannabe\designpattern_tugasakhir\x64\debug\vc143.pdb
c:\users\user\source\repos\univproject_spaceinvaderswannabe\designpattern_tugasakhir\x64\debug\vc143.idb
c:\users\user\source\repos\univproject_spaceinvaderswannabe\designpattern_tugasakhir\x64\debug\game.obj
c:\users\user\source\repos\univproject_spaceinvaderswannabe\designpattern_tugasakhir\x64\debug\designpattern_tugasakhir.obj
c:\users\user\source\repos\univproject_spaceinvaderswannabe\designpattern_tugasakhir\x64\debug\spaceship.obj
c:\users\user\source\repos\univproject_spaceinvaderswannabe\designpattern_tugasakhir\x64\debug\obstacle.obj
c:\users\user\source\repos\univproject_spaceinvaderswannabe\designpattern_tugasakhir\x64\debug\block.obj
c:\users\user\source\repos\univproject_spaceinvaderswannabe\designpattern_tugasakhir\x64\debug\laser.obj
c:\users\user\source\repos\univproject_spaceinvaderswannabe\designpattern_tugasakhir\x64\debug\inputmanager.obj
c:\users\user\source\repos\univproject_spaceinvaderswannabe\designpattern_tugasakhir\x64\debug\alien.obj
c:\users\user\source\repos\univproject_spaceinvaderswannabe\designpattern_tugasakhir\x64\debug\ufo.obj
c:\users\user\source\repos\univproject_spaceinvaderswannabe\x64\debug\raylib.dll
c:\users\user\source\repos\univproject_spaceinvaderswannabe\x64\debug\glfw3.dll
c:\users\user\source\repos\univproject_spaceinvaderswannabe\x64\debug\designpattern_tugasakhir.exe
c:\users\user\source\repos\univproject_spaceinvaderswannabe\x64\debug\designpattern_tugasakhir.pdb
c:\users\user\source\repos\univproject_spaceinvaderswannabe\designpattern_tugasakhir\x64\debug\designpattern_tugasakhir.ilk
c:\users\user\source\repos\univproject_spaceinvaderswannabe\designpattern_tugasakhir\x64\debug\designpa.9f48ada0.tlog\cl.command.1.tlog
c:\users\user\source\repos\univproject_spaceinvaderswannabe\designpattern_tugasakhir\x64\debug\designpa.9f48ada0.tlog\cl.items.tlog
c:\users\user\source\repos\univproject_spaceinvaderswannabe\designpattern_tugasakhir\x64\debug\designpa.9f48ada0.tlog\cl.read.1.tlog
c:\users\user\source\repos\univproject_spaceinvaderswannabe\designpattern_tugasakhir\x64\debug\designpa.9f48ada0.tlog\cl.write.1.tlog
c:\users\user\source\repos\univproject_spaceinvaderswannabe\designpattern_tugasakhir\x64\debug\designpa.9f48ada0.tlog\designpattern_tugasakhir.write.1u.tlog
c:\users\user\source\repos\univproject_spaceinvaderswannabe\designpattern_tugasakhir\x64\debug\designpa.9f48ada0.tlog\link.command.1.tlog
c:\users\user\source\repos\univproject_spaceinvaderswannabe\designpattern_tugasakhir\x64\debug\designpa.9f48ada0.tlog\link.read.1.tlog
c:\users\user\source\repos\univproject_spaceinvaderswannabe\designpattern_tugasakhir\x64\debug\designpa.9f48ada0.tlog\link.secondary.1.tlog
c:\users\user\source\repos\univproject_spaceinvaderswannabe\designpattern_tugasakhir\x64\debug\designpa.9f48ada0.tlog\link.write.1.tlog
